This file contains any messages produced by compilers while
running configure, to aid debugging if configure makes a mistake.

It was created by exmpp configure 0.9.2, which was
generated by GNU Autoconf 2.61.  Invocation command line was

  $ ./configure --disable-documentation

## --------- ##
## Platform. ##
## --------- ##

hostname = pluto
uname -m = i686
uname -r = 2.6.31-17-generic-pae
uname -s = Linux
uname -v = #54-Ubuntu SMP Thu Dec 10 17:23:29 UTC 2009

/usr/bin/uname -p = unknown
/bin/uname -X     = unknown

/bin/arch              = unknown
/usr/bin/arch -k       = unknown
/usr/convex/getsysinfo = unknown
/usr/bin/hostinfo      = unknown
/bin/machine           = unknown
/usr/bin/oslevel       = unknown
/bin/universe          = unknown

PATH: /home/arjan/devel-linux/organic/cli
PATH: /home/arjan/bin
PATH: /home/arjan/bin
PATH: /usr/local/sbin
PATH: /usr/local/bin
PATH: /usr/sbin
PATH: /usr/bin
PATH: /sbin
PATH: /bin
PATH: /usr/games


## ----------- ##
## Core tests. ##
## ----------- ##

configure:2053: checking build system type
configure:2071: result: i686-pc-linux-gnu
configure:2093: checking host system type
configure:2108: result: i686-pc-linux-gnu
configure:2130: checking target system type
configure:2145: result: i686-pc-linux-gnu
configure:2187: checking for a BSD-compatible install
configure:2243: result: /usr/bin/install -c
configure:2254: checking whether build environment is sane
configure:2297: result: yes
configure:2362: checking for gawk
configure:2392: result: no
configure:2362: checking for mawk
configure:2378: found /usr/bin/mawk
configure:2389: result: mawk
configure:2400: checking whether make sets $(MAKE)
configure:2421: result: yes
configure:2659: checking for style of include used by make
configure:2687: result: GNU
configure:2760: checking for gcc
configure:2776: found /usr/bin/gcc
configure:2787: result: gcc
configure:3025: checking for C compiler version
configure:3032: gcc --version >&5
gcc (Ubuntu 4.4.1-4ubuntu9) 4.4.1
Copyright (C) 2009 Free Software Foundation, Inc.
This is free software; see the source for copying conditions.  There is NO
warranty; not even for MERCHANTABILITY or FITNESS FOR A PARTICULAR PURPOSE.

configure:3035: $? = 0
configure:3042: gcc -v >&5
Using built-in specs.
Target: i486-linux-gnu
Configured with: ../src/configure -v --with-pkgversion='Ubuntu 4.4.1-4ubuntu9' --with-bugurl=file:///usr/share/doc/gcc-4.4/README.Bugs --enable-languages=c,c++,fortran,objc,obj-c++ --prefix=/usr --enable-shared --enable-multiarch --enable-linker-build-id --with-system-zlib --libexecdir=/usr/lib --without-included-gettext --enable-threads=posix --with-gxx-include-dir=/usr/include/c++/4.4 --program-suffix=-4.4 --enable-nls --enable-clocale=gnu --enable-libstdcxx-debug --enable-objc-gc --enable-targets=all --disable-werror --with-arch-32=i486 --with-tune=generic --enable-checking=release --build=i486-linux-gnu --host=i486-linux-gnu --target=i486-linux-gnu
Thread model: posix
gcc version 4.4.1 (Ubuntu 4.4.1-4ubuntu9) 
configure:3045: $? = 0
configure:3052: gcc -V >&5
gcc: '-V' option must have argument
configure:3055: $? = 1
configure:3078: checking for C compiler default output file name
configure:3105: gcc    conftest.c  >&5
configure:3108: $? = 0
configure:3146: result: a.out
configure:3163: checking whether the C compiler works
configure:3173: ./a.out
configure:3176: $? = 0
configure:3193: result: yes
configure:3200: checking whether we are cross compiling
configure:3202: result: no
configure:3205: checking for suffix of executables
configure:3212: gcc -o conftest    conftest.c  >&5
configure:3215: $? = 0
configure:3239: result: 
configure:3245: checking for suffix of object files
configure:3271: gcc -c   conftest.c >&5
configure:3274: $? = 0
configure:3297: result: o
configure:3301: checking whether we are using the GNU C compiler
configure:3330: gcc -c   conftest.c >&5
configure:3336: $? = 0
configure:3353: result: yes
configure:3358: checking whether gcc accepts -g
configure:3388: gcc -c -g  conftest.c >&5
configure:3394: $? = 0
configure:3493: result: yes
configure:3510: checking for gcc option to accept ISO C89
configure:3584: gcc  -c -g -O2  conftest.c >&5
configure:3590: $? = 0
configure:3613: result: none needed
configure:3633: checking dependency style of gcc
configure:3723: result: gcc3
configure:3742: checking for gcc option to accept ISO C99
configure:3901: gcc  -c -g -O2  conftest.c >&5
conftest.c:60: error: expected ';', ',' or ')' before 'text'
conftest.c: In function 'main':
conftest.c:114: error: expected '=', ',', ';', 'asm' or '__attribute__' before 'newvar'
conftest.c:114: error: 'newvar' undeclared (first use in this function)
conftest.c:114: error: (Each undeclared identifier is reported only once
conftest.c:114: error: for each function it appears in.)
conftest.c:124: error: 'for' loop initial declarations are only allowed in C99 mode
conftest.c:124: note: use option -std=c99 or -std=gnu99 to compile your code
configure:3907: $? = 1
configure: failed program was:
| /* confdefs.h.  */
| #define PACKAGE_NAME "exmpp"
| #define PACKAGE_TARNAME "exmpp"
| #define PACKAGE_VERSION "0.9.2"
| #define PACKAGE_STRING "exmpp 0.9.2"
| #define PACKAGE_BUGREPORT "js.pedron@meetic-corp.com"
| #define PACKAGE "exmpp"
| #define VERSION "0.9.2"
| /* end confdefs.h.  */
| #include <stdarg.h>
| #include <stdbool.h>
| #include <stdlib.h>
| #include <wchar.h>
| #include <stdio.h>
| 
| // Check varargs macros.  These examples are taken from C99 6.10.3.5.
| #define debug(...) fprintf (stderr, __VA_ARGS__)
| #define showlist(...) puts (#__VA_ARGS__)
| #define report(test,...) ((test) ? puts (#test) : printf (__VA_ARGS__))
| static void
| test_varargs_macros (void)
| {
|   int x = 1234;
|   int y = 5678;
|   debug ("Flag");
|   debug ("X = %d\n", x);
|   showlist (The first, second, and third items.);
|   report (x>y, "x is %d but y is %d", x, y);
| }
| 
| // Check long long types.
| #define BIG64 18446744073709551615ull
| #define BIG32 4294967295ul
| #define BIG_OK (BIG64 / BIG32 == 4294967297ull && BIG64 % BIG32 == 0)
| #if !BIG_OK
|   your preprocessor is broken;
| #endif
| #if BIG_OK
| #else
|   your preprocessor is broken;
| #endif
| static long long int bignum = -9223372036854775807LL;
| static unsigned long long int ubignum = BIG64;
| 
| struct incomplete_array
| {
|   int datasize;
|   double data[];
| };
| 
| struct named_init {
|   int number;
|   const wchar_t *name;
|   double average;
| };
| 
| typedef const char *ccp;
| 
| static inline int
| test_restrict (ccp restrict text)
| {
|   // See if C++-style comments work.
|   // Iterate through items via the restricted pointer.
|   // Also check for declarations in for loops.
|   for (unsigned int i = 0; *(text+i) != '\0'; ++i)
|     continue;
|   return 0;
| }
| 
| // Check varargs and va_copy.
| static void
| test_varargs (const char *format, ...)
| {
|   va_list args;
|   va_start (args, format);
|   va_list args_copy;
|   va_copy (args_copy, args);
| 
|   const char *str;
|   int number;
|   float fnumber;
| 
|   while (*format)
|     {
|       switch (*format++)
| 	{
| 	case 's': // string
| 	  str = va_arg (args_copy, const char *);
| 	  break;
| 	case 'd': // int
| 	  number = va_arg (args_copy, int);
| 	  break;
| 	case 'f': // float
| 	  fnumber = va_arg (args_copy, double);
| 	  break;
| 	default:
| 	  break;
| 	}
|     }
|   va_end (args_copy);
|   va_end (args);
| }
| 
| int
| main ()
| {
| 
|   // Check bool.
|   _Bool success = false;
| 
|   // Check restrict.
|   if (test_restrict ("String literal") == 0)
|     success = true;
|   char *restrict newvar = "Another string";
| 
|   // Check varargs.
|   test_varargs ("s, d' f .", "string", 65, 34.234);
|   test_varargs_macros ();
| 
|   // Check flexible array members.
|   struct incomplete_array *ia =
|     malloc (sizeof (struct incomplete_array) + (sizeof (double) * 10));
|   ia->datasize = 10;
|   for (int i = 0; i < ia->datasize; ++i)
|     ia->data[i] = i * 1.234;
| 
|   // Check named initializers.
|   struct named_init ni = {
|     .number = 34,
|     .name = L"Test wide string",
|     .average = 543.34343,
|   };
| 
|   ni.number = 58;
| 
|   int dynamic_array[ni.number];
|   dynamic_array[ni.number - 1] = 543;
| 
|   // work around unused variable warnings
|   return (!success || bignum == 0LL || ubignum == 0uLL || newvar[0] == 'x'
| 	  || dynamic_array[ni.number - 1] != 543);
| 
|   ;
|   return 0;
| }
configure:3901: gcc -std=gnu99 -c -g -O2  conftest.c >&5
configure:3907: $? = 0
configure:3937: result: -std=gnu99
configure:4067: checking for gcc -std=gnu99 option to accept ISO Standard C
configure:4078: result: -std=gnu99
configure:4084: checking for a sed that does not truncate output
configure:4138: result: /bin/sed
configure:4141: checking for grep that handles long lines and -e
configure:4215: result: /bin/grep
configure:4220: checking for egrep
configure:4298: result: /bin/grep -E
configure:4314: checking for ld used by gcc -std=gnu99
configure:4381: result: /usr/bin/ld
configure:4390: checking if the linker (/usr/bin/ld) is GNU ld
configure:4405: result: yes
configure:4423: checking for a BSD-compatible install
configure:4479: result: /usr/bin/install -c
configure:4490: checking whether make sets $(MAKE)
configure:4511: result: yes
configure:4520: checking for a sed that does not truncate output
configure:4599: result: /bin/sed
configure:4613: checking for gawk
configure:4640: result: mawk
configure:4778: checking for /usr/bin/ld option to reload object files
configure:4785: result: -r
configure:4803: checking for BSD-compatible nm
configure:4852: result: /usr/bin/nm -B
configure:4856: checking whether ln -s works
configure:4860: result: yes
configure:4867: checking how to recognise dependent libraries
configure:5043: result: pass_all
configure:5277: checking how to run the C preprocessor
configure:5317: gcc -std=gnu99 -E  conftest.c
configure:5323: $? = 0
configure:5354: gcc -std=gnu99 -E  conftest.c
conftest.c:10:28: error: ac_nonexistent.h: No such file or directory
configure:5360: $? = 1
configure: failed program was:
| /* confdefs.h.  */
| #define PACKAGE_NAME "exmpp"
| #define PACKAGE_TARNAME "exmpp"
| #define PACKAGE_VERSION "0.9.2"
| #define PACKAGE_STRING "exmpp 0.9.2"
| #define PACKAGE_BUGREPORT "js.pedron@meetic-corp.com"
| #define PACKAGE "exmpp"
| #define VERSION "0.9.2"
| /* end confdefs.h.  */
| #include <ac_nonexistent.h>
configure:5393: result: gcc -std=gnu99 -E
configure:5422: gcc -std=gnu99 -E  conftest.c
configure:5428: $? = 0
configure:5459: gcc -std=gnu99 -E  conftest.c
conftest.c:10:28: error: ac_nonexistent.h: No such file or directory
configure:5465: $? = 1
configure: failed program was:
| /* confdefs.h.  */
| #define PACKAGE_NAME "exmpp"
| #define PACKAGE_TARNAME "exmpp"
| #define PACKAGE_VERSION "0.9.2"
| #define PACKAGE_STRING "exmpp 0.9.2"
| #define PACKAGE_BUGREPORT "js.pedron@meetic-corp.com"
| #define PACKAGE "exmpp"
| #define VERSION "0.9.2"
| /* end confdefs.h.  */
| #include <ac_nonexistent.h>
configure:5503: checking for ANSI C header files
configure:5533: gcc -std=gnu99 -c -g -O2  conftest.c >&5
configure:5539: $? = 0
configure:5638: gcc -std=gnu99 -o conftest -g -O2   conftest.c  >&5
configure:5641: $? = 0
configure:5647: ./conftest
configure:5650: $? = 0
configure:5667: result: yes
configure:5691: checking for sys/types.h
configure:5712: gcc -std=gnu99 -c -g -O2  conftest.c >&5
configure:5718: $? = 0
configure:5734: result: yes
configure:5691: checking for sys/stat.h
configure:5712: gcc -std=gnu99 -c -g -O2  conftest.c >&5
configure:5718: $? = 0
configure:5734: result: yes
configure:5691: checking for stdlib.h
configure:5712: gcc -std=gnu99 -c -g -O2  conftest.c >&5
configure:5718: $? = 0
configure:5734: result: yes
configure:5691: checking for string.h
configure:5712: gcc -std=gnu99 -c -g -O2  conftest.c >&5
configure:5718: $? = 0
configure:5734: result: yes
configure:5691: checking for memory.h
configure:5712: gcc -std=gnu99 -c -g -O2  conftest.c >&5
configure:5718: $? = 0
configure:5734: result: yes
configure:5691: checking for strings.h
configure:5712: gcc -std=gnu99 -c -g -O2  conftest.c >&5
configure:5718: $? = 0
configure:5734: result: yes
configure:5691: checking for inttypes.h
configure:5712: gcc -std=gnu99 -c -g -O2  conftest.c >&5
configure:5718: $? = 0
configure:5734: result: yes
configure:5691: checking for stdint.h
configure:5712: gcc -std=gnu99 -c -g -O2  conftest.c >&5
configure:5718: $? = 0
configure:5734: result: yes
configure:5691: checking for unistd.h
configure:5712: gcc -std=gnu99 -c -g -O2  conftest.c >&5
configure:5718: $? = 0
configure:5734: result: yes
configure:5761: checking dlfcn.h usability
configure:5778: gcc -std=gnu99 -c -g -O2  conftest.c >&5
configure:5784: $? = 0
configure:5798: result: yes
configure:5802: checking dlfcn.h presence
configure:5817: gcc -std=gnu99 -E  conftest.c
configure:5823: $? = 0
configure:5837: result: yes
configure:5870: checking for dlfcn.h
configure:5878: result: yes
configure:6132: checking the maximum length of command line arguments
configure:6241: result: 32768
configure:6252: checking command to parse /usr/bin/nm -B output from gcc -std=gnu99 object
configure:6357: gcc -std=gnu99 -c -g -O2  conftest.c >&5
configure:6360: $? = 0
configure:6364: /usr/bin/nm -B conftest.o \| sed -n -e 's/^.*[ 	]\([ABCDGIRSTW][ABCDGIRSTW]*\)[ 	][ 	]*\([_A-Za-z][_A-Za-z0-9]*\)$/\1 \2 \2/p' \> conftest.nm
configure:6367: $? = 0
configure:6419: gcc -std=gnu99 -o conftest -g -O2   conftest.c conftstm.o >&5
configure:6422: $? = 0
configure:6460: result: ok
configure:6464: checking for objdir
configure:6479: result: .libs
configure:6571: checking for ar
configure:6587: found /usr/bin/ar
configure:6598: result: ar
configure:6667: checking for ranlib
configure:6683: found /usr/bin/ranlib
configure:6694: result: ranlib
configure:6763: checking for strip
configure:6779: found /usr/bin/strip
configure:6790: result: strip
configure:7076: checking if gcc -std=gnu99 supports -fno-rtti -fno-exceptions
configure:7094: gcc -std=gnu99 -c -g -O2  -fno-rtti -fno-exceptions conftest.c >&5
cc1: warning: command line option "-fno-rtti" is valid for C++/ObjC++ but not for C
configure:7098: $? = 0
configure:7111: result: no
configure:7126: checking for gcc -std=gnu99 option to produce PIC
configure:7336: result: -fPIC
configure:7344: checking if gcc -std=gnu99 PIC flag -fPIC works
configure:7362: gcc -std=gnu99 -c -g -O2  -fPIC -DPIC conftest.c >&5
configure:7366: $? = 0
configure:7379: result: yes
configure:7407: checking if gcc -std=gnu99 static flag -static works
configure:7435: result: yes
configure:7445: checking if gcc -std=gnu99 supports -c -o file.o
configure:7466: gcc -std=gnu99 -c -g -O2  -o out/conftest2.o conftest.c >&5
configure:7470: $? = 0
configure:7492: result: yes
configure:7518: checking whether the gcc -std=gnu99 linker (/usr/bin/ld) supports shared libraries
configure:8473: result: yes
configure:8494: checking whether -lc should be explicitly linked in
configure:8499: gcc -std=gnu99 -c -g -O2  conftest.c >&5
configure:8502: $? = 0
configure:8517: gcc -std=gnu99 -shared conftest.o  -v -Wl,-soname -Wl,conftest -o conftest 2\>\&1 \| grep  -lc  \>/dev/null 2\>\&1
configure:8520: $? = 0
configure:8532: result: no
configure:8540: checking dynamic linker characteristics
configure:9116: result: GNU/Linux ld.so
configure:9125: checking how to hardcode library paths into programs
configure:9150: result: immediate
configure:9164: checking whether stripping libraries is possible
configure:9169: result: yes
configure:9970: checking if libtool supports shared libraries
configure:9972: result: yes
configure:9975: checking whether to build shared libraries
configure:9996: result: yes
configure:9999: checking whether to build static libraries
configure:10003: result: no
configure:10095: creating libtool
configure:19300: Erlang environment
configure:19365: checking for erl
configure:19383: found /usr/bin/erl
configure:19395: result: /usr/bin/erl
configure:19474: checking for erlc
configure:19492: found /usr/bin/erlc
configure:19504: result: /usr/bin/erlc
configure:19771: checking for escript
configure:19789: found /usr/bin/escript
configure:19801: result: /usr/bin/escript
configure:19869: checking for erlc
configure:19871: result: /usr/bin/erlc
configure:19985: checking for erl
configure:19987: result: /usr/bin/erl
configure:20100: checking for Erlang/OTP root directory
configure:20133: $ERLC $ERLCFLAGS -b beam conftest.$ac_ext >&5 ; echo "#!/bin/sh" > conftest$ac_exeext ; echo "\"$ERL\" -run conftest start -run init stop -noshell" >> conftest$ac_exeext ; chmod +x conftest$ac_exeext
configure:20136: $? = 0
configure:20142: ./conftest
configure:20145: $? = 0
configure:20171: result: /usr/lib/erlang
configure:20176: checking for Erlang/OTP library base directory
configure:20209: $ERLC $ERLCFLAGS -b beam conftest.$ac_ext >&5 ; echo "#!/bin/sh" > conftest$ac_exeext ; echo "\"$ERL\" -run conftest start -run init stop -noshell" >> conftest$ac_exeext ; chmod +x conftest$ac_exeext
configure:20212: $? = 0
configure:20218: ./conftest
configure:20221: $? = 0
configure:20247: result: /usr/lib/erlang/lib
configure:20254: checking for Erlang/OTP ERTS version
configure:20286: $ERLC $ERLCFLAGS -b beam conftest.$ac_ext >&5 ; echo "#!/bin/sh" > conftest$ac_exeext ; echo "\"$ERL\" -run conftest start -run init stop -noshell" >> conftest$ac_exeext ; chmod +x conftest$ac_exeext
configure:20289: $? = 0
configure:20295: ./conftest
configure:20298: $? = 0
configure:20328: result: 5.7.2
configure:20330: checking for Erlang/OTP ERTS directory
configure:20342: result: /usr/lib/erlang/erts-5.7.2
configure:20351: checking for Erlang/OTP release
configure:20383: $ERLC $ERLCFLAGS -b beam conftest.$ac_ext >&5 ; echo "#!/bin/sh" > conftest$ac_exeext ; echo "\"$ERL\" -run conftest start -run init stop -noshell" >> conftest$ac_exeext ; chmod +x conftest$ac_exeext
configure:20386: $? = 0
configure:20392: ./conftest
configure:20395: $? = 0
configure:20425: result: R13B01
configure:20474: checking for Erlang/OTP 'erl_interface' library subdirectory
configure:20512: $ERLC $ERLCFLAGS -b beam conftest.$ac_ext >&5 ; echo "#!/bin/sh" > conftest$ac_exeext ; echo "\"$ERL\" -run conftest start -run init stop -noshell" >> conftest$ac_exeext ; chmod +x conftest$ac_exeext
configure:20515: $? = 0
configure:20521: ./conftest
configure:20524: $? = 0
configure:20554: result: /usr/lib/erlang/lib/erl_interface-3.6.2
configure:20556: checking for Erlang/OTP 'erl_interface' library version
configure:20568: result: 3.6.2
configure:20693: checking for Erlang/OTP library installation base directory
configure:20697: result: /usr/lib/erlang/lib
configure:20706: checking for Erlang/OTP 'exmpp' library installation subdirectory
configure:20715: result: /usr/lib/erlang/lib/exmpp-0.9.2
configure:20720: checking for SMP support
configure:20758: result: yes (Erlang R13B01)
configure:20788: XML parsers dependencies
configure:20830: checking expat.h usability
configure:20847: gcc -std=gnu99 -c -g -O2 -Wall -Werror   conftest.c >&5
configure:20853: $? = 0
configure:20867: result: yes
configure:20871: checking expat.h presence
configure:20886: gcc -std=gnu99 -E   conftest.c
configure:20892: $? = 0
configure:20906: result: yes
configure:20939: checking for expat.h
configure:20947: result: yes
configure:20964: checking for XML_ParserCreate in -lexpat
configure:20999: gcc -std=gnu99 -o conftest -g -O2 -Wall -Werror     conftest.c -lexpat   >&5
configure:21005: $? = 0
configure:21023: result: yes
configure:21041: checking for Expat library
configure:21044: result: yes
configure:21124: checking for pkg-config
configure:21142: found /usr/bin/pkg-config
configure:21154: result: /usr/bin/pkg-config
configure:21183: checking pkg-config is at least version 0.9.0
configure:21186: result: yes
configure:21197: checking for LIBXML2
configure:21204: $PKG_CONFIG --exists --print-errors "libxml-2.0"
configure:21207: $? = 0
configure:21220: $PKG_CONFIG --exists --print-errors "libxml-2.0"
configure:21223: $? = 0
configure:21258: result: yes
configure:21282: TLS engines dependencies
configure:21324: checking openssl/ssl.h usability
configure:21341: gcc -std=gnu99 -c -g -O2 -Wall -Werror   conftest.c >&5
configure:21347: $? = 0
configure:21361: result: yes
configure:21365: checking openssl/ssl.h presence
configure:21380: gcc -std=gnu99 -E   conftest.c
configure:21386: $? = 0
configure:21400: result: yes
configure:21433: checking for openssl/ssl.h
configure:21441: result: yes
configure:21458: checking for SSL_CTX_new in -lssl
configure:21493: gcc -std=gnu99 -o conftest -g -O2 -Wall -Werror     conftest.c -lssl   >&5
configure:21499: $? = 0
configure:21517: result: yes
configure:21535: checking for OpenSSL library
configure:21538: result: yes
configure:21575: Compression engines dependencies
configure:21617: checking zlib.h usability
configure:21634: gcc -std=gnu99 -c -g -O2 -Wall -Werror   conftest.c >&5
configure:21640: $? = 0
configure:21654: result: yes
configure:21658: checking zlib.h presence
configure:21673: gcc -std=gnu99 -E   conftest.c
configure:21679: $? = 0
configure:21693: result: yes
configure:21726: checking for zlib.h
configure:21734: result: yes
configure:21751: checking for zlibVersion in -lz
configure:21786: gcc -std=gnu99 -o conftest -g -O2 -Wall -Werror     conftest.c -lz   >&5
configure:21792: $? = 0
configure:21810: result: yes
configure:21828: checking for Zlib library
configure:21831: result: yes
configure:21869: Detect Operating System
configure:21872: checking target system type
configure:21887: result: i686-pc-linux-gnu
configure:22199: creating ./config.status

## ---------------------- ##
## Running config.status. ##
## ---------------------- ##

This file was extended by exmpp config.status 0.9.2, which was
generated by GNU Autoconf 2.61.  Invocation command line was

  CONFIG_FILES    = 
  CONFIG_HEADERS  = 
  CONFIG_LINKS    = 
  CONFIG_COMMANDS = 
  $ ./config.status 

on pluto

config.status:723: creating c_src/Makefile
config.status:723: creating include/Makefile
config.status:723: creating include/internal/Makefile
config.status:723: creating src/Makefile
config.status:723: creating src/Emakefile
config.status:723: creating ebin/Makefile
config.status:723: creating ebin/exmpp.app
config.status:723: creating ebin/exmpp.appup
config.status:723: creating doc/Makefile
config.status:723: creating testsuite/Makefile
config.status:723: creating examples/Makefile
config.status:723: creating examples/Emakefile
config.status:723: creating Makefile
config.status:723: creating testsuite/etest
config.status:723: creating config.h
config.status:999: executing depfiles commands
configure:23535:  == exmpp 0.9.2-r903 ==
configure:23543: Configuration:
configure:23550:     Prefix:             /usr/local
configure:23557:     Application dir.:   /usr/lib/erlang/lib/exmpp-0.9.2
configure:23565:     C compiler:         gcc -std=gnu99 -g -O2 -Wall -Werror
configure:23572:     Erlang emulator:    /usr/bin/erl
configure:23579:     Erlang compiler:    /usr/bin/erlc
configure:23586:     Erlang interpreter: /usr/bin/escript
configure:23594:     Debug/warnings:     yes/yes
configure:23601:     Compat modules:     no
configure:23608:     Documentation:      no
configure:23615:     Testsuite:          yes
configure:23622:     Examples:           no
configure:23630:     XML parsers:
configure:23637:       . Expat:          yes
configure:23644:       . LibXML2:        yes
configure:23652:     TLS engines:
configure:23659:       . OpenSSL:        yes
configure:23667:     Compression engines:
configure:23674:       . Zlib:           yes

## ---------------- ##
## Cache variables. ##
## ---------------- ##

ac_cv_build=i686-pc-linux-gnu
ac_cv_c_compiler_gnu=yes
ac_cv_env_CC_set=
ac_cv_env_CC_value=
ac_cv_env_CFLAGS_set=
ac_cv_env_CFLAGS_value=
ac_cv_env_CPPFLAGS_set=
ac_cv_env_CPPFLAGS_value=
ac_cv_env_CPP_set=
ac_cv_env_CPP_value=
ac_cv_env_CXXCPP_set=
ac_cv_env_CXXCPP_value=
ac_cv_env_ERLANG_INSTALL_LIB_DIR_exmpp_set=
ac_cv_env_ERLANG_INSTALL_LIB_DIR_exmpp_value=
ac_cv_env_ERLANG_INSTALL_LIB_DIR_set=
ac_cv_env_ERLANG_INSTALL_LIB_DIR_value=
ac_cv_env_ERLCFLAGS_set=
ac_cv_env_ERLCFLAGS_value=
ac_cv_env_ERLC_set=
ac_cv_env_ERLC_value=
ac_cv_env_ERL_set=
ac_cv_env_ERL_value=
ac_cv_env_ESCRIPT_set=
ac_cv_env_ESCRIPT_value=
ac_cv_env_LDFLAGS_set=
ac_cv_env_LDFLAGS_value=
ac_cv_env_LIBS_set=
ac_cv_env_LIBS_value=
ac_cv_env_LIBXML2_CFLAGS_set=
ac_cv_env_LIBXML2_CFLAGS_value=
ac_cv_env_LIBXML2_LIBS_set=
ac_cv_env_LIBXML2_LIBS_value=
ac_cv_env_PKG_CONFIG_set=
ac_cv_env_PKG_CONFIG_value=
ac_cv_env_build_alias_set=
ac_cv_env_build_alias_value=
ac_cv_env_host_alias_set=
ac_cv_env_host_alias_value=
ac_cv_env_target_alias_set=
ac_cv_env_target_alias_value=
ac_cv_header_dlfcn_h=yes
ac_cv_header_expat_h=yes
ac_cv_header_inttypes_h=yes
ac_cv_header_memory_h=yes
ac_cv_header_openssl_ssl_h=yes
ac_cv_header_stdc=yes
ac_cv_header_stdint_h=yes
ac_cv_header_stdlib_h=yes
ac_cv_header_string_h=yes
ac_cv_header_strings_h=yes
ac_cv_header_sys_stat_h=yes
ac_cv_header_sys_types_h=yes
ac_cv_header_unistd_h=yes
ac_cv_header_zlib_h=yes
ac_cv_host=i686-pc-linux-gnu
ac_cv_lib_expat_XML_ParserCreate=yes
ac_cv_lib_ssl_SSL_CTX_new=yes
ac_cv_lib_z_zlibVersion=yes
ac_cv_objext=o
ac_cv_path_EGREP='/bin/grep -E'
ac_cv_path_ESCRIPT=/usr/bin/escript
ac_cv_path_GREP=/bin/grep
ac_cv_path_SED=/bin/sed
ac_cv_path_ac_pt_ERL=/usr/bin/erl
ac_cv_path_ac_pt_ERLC=/usr/bin/erlc
ac_cv_path_ac_pt_PKG_CONFIG=/usr/bin/pkg-config
ac_cv_path_install='/usr/bin/install -c'
ac_cv_prog_AWK=mawk
ac_cv_prog_CPP='gcc -std=gnu99 -E'
ac_cv_prog_ac_ct_AR=ar
ac_cv_prog_ac_ct_CC=gcc
ac_cv_prog_ac_ct_RANLIB=ranlib
ac_cv_prog_ac_ct_STRIP=strip
ac_cv_prog_cc_c89=
ac_cv_prog_cc_c99=-std=gnu99
ac_cv_prog_cc_g=yes
ac_cv_prog_cc_stdc=-std=gnu99
ac_cv_prog_make_make_set=yes
ac_cv_target=i686-pc-linux-gnu
am_cv_CC_dependencies_compiler_type=gcc3
erlang_cv_erts_dir=/usr/lib/erlang/erts-5.7.2
erlang_cv_erts_ver=5.7.2
erlang_cv_lib_dir=/usr/lib/erlang/lib
erlang_cv_lib_dir_erl_interface=/usr/lib/erlang/lib/erl_interface-3.6.2
erlang_cv_lib_ver_erl_interface=3.6.2
erlang_cv_release=R13B01
erlang_cv_root_dir=/usr/lib/erlang
lt_cv_deplibs_check_method=pass_all
lt_cv_file_magic_cmd='$MAGIC_CMD'
lt_cv_file_magic_test_file=
lt_cv_ld_reload_flag=-r
lt_cv_objdir=.libs
lt_cv_path_LD=/usr/bin/ld
lt_cv_path_NM='/usr/bin/nm -B'
lt_cv_path_SED=/bin/sed
lt_cv_prog_compiler_c_o=yes
lt_cv_prog_compiler_rtti_exceptions=no
lt_cv_prog_gnu_ld=yes
lt_cv_sys_global_symbol_pipe='sed -n -e '\''s/^.*[ 	]\([ABCDGIRSTW][ABCDGIRSTW]*\)[ 	][ 	]*\([_A-Za-z][_A-Za-z0-9]*\)$/\1 \2 \2/p'\'''
lt_cv_sys_global_symbol_to_c_name_address='sed -n -e '\''s/^: \([^ ]*\) $/  {\"\1\", (lt_ptr) 0},/p'\'' -e '\''s/^[BCDEGRST] \([^ ]*\) \([^ ]*\)$/  {"\2", (lt_ptr) \&\2},/p'\'''
lt_cv_sys_global_symbol_to_cdecl='sed -n -e '\''s/^. .* \(.*\)$/extern int \1;/p'\'''
lt_cv_sys_max_cmd_len=32768
lt_lt_cv_prog_compiler_c_o='"yes"'
lt_lt_cv_sys_global_symbol_pipe='"sed -n -e '\''s/^.*[ 	]\\([ABCDGIRSTW][ABCDGIRSTW]*\\)[ 	][ 	]*\\([_A-Za-z][_A-Za-z0-9]*\\)\$/\\1 \\2 \\2/p'\''"'
lt_lt_cv_sys_global_symbol_to_c_name_address='"sed -n -e '\''s/^: \\([^ ]*\\) \$/  {\\\"\\1\\\", (lt_ptr) 0},/p'\'' -e '\''s/^[BCDEGRST] \\([^ ]*\\) \\([^ ]*\\)\$/  {\"\\2\", (lt_ptr) \\&\\2},/p'\''"'
lt_lt_cv_sys_global_symbol_to_cdecl='"sed -n -e '\''s/^. .* \\(.*\\)\$/extern int \\1;/p'\''"'
pkg_cv_LIBXML2_CFLAGS='-I/usr/include/libxml2  '
pkg_cv_LIBXML2_LIBS='-lxml2  '

## ----------------- ##
## Output variables. ##
## ----------------- ##

ACLOCAL='${SHELL} /home/arjan/devel/zotonic/deps/exmpp/ac-aux/missing --run aclocal-1.9'
AMDEPBACKSLASH='\'
AMDEP_FALSE='#'
AMDEP_TRUE=''
AMTAR='${SHELL} /home/arjan/devel/zotonic/deps/exmpp/ac-aux/missing --run tar'
AR='ar'
AUTOCONF='${SHELL} /home/arjan/devel/zotonic/deps/exmpp/ac-aux/missing --run autoconf'
AUTOHEADER='${SHELL} /home/arjan/devel/zotonic/deps/exmpp/ac-aux/missing --run autoheader'
AUTOMAKE='${SHELL} /home/arjan/devel/zotonic/deps/exmpp/ac-aux/missing --run automake-1.9'
AWK='mawk'
BUILD_COMPAT_FALSE=''
BUILD_COMPAT_TRUE='#'
CC='gcc -std=gnu99'
CCDEPMODE='depmode=gcc3'
CFLAGS='-g -O2 -Wall -Werror'
COMPAT_MODULES='%'
COMPAT_MODULES_START=' % Compatibility modules disabled:'
CPP='gcc -std=gnu99 -E'
CPPFLAGS=''
CXXCPP=''
CYGPATH_W='echo'
DEFS='-DHAVE_CONFIG_H'
DEPDIR='.deps'
ECHO='echo'
ECHO_C=''
ECHO_N='-n'
ECHO_T=''
EGREP='/bin/grep -E'
EMKOPTS='debug_info, {d, debug}, report_warnings, {warn_format, 1}, warn_export_vars, warn_shadow_vars, warn_unused_import, {d, '\''HAVE_EXPAT'\''}, {d, '\''HAVE_LIBXML2'\''}, {d, '\''HAVE_OPENSSL'\''}, {d, '\''HAVE_ZLIB'\''}'
ENABLE_DOCUMENTATION_FALSE=''
ENABLE_DOCUMENTATION_TRUE='#'
ENABLE_EXAMPLES_FALSE=''
ENABLE_EXAMPLES_TRUE='#'
ENABLE_SMP_SUPPORT_FALSE='#'
ENABLE_SMP_SUPPORT_TRUE=''
ENABLE_TESTSUITE_FALSE='#'
ENABLE_TESTSUITE_TRUE=''
ERL='/usr/bin/erl'
ERLANG_ERTS_DIR='/usr/lib/erlang/erts-5.7.2'
ERLANG_ERTS_VER='5.7.2'
ERLANG_INSTALL_LIB_DIR='/usr/lib/erlang/lib'
ERLANG_INSTALL_LIB_DIR_exmpp='${ERLANG_INSTALL_LIB_DIR}/exmpp-${VERSION}'
ERLANG_LIB_DIR='/usr/lib/erlang/lib'
ERLANG_LIB_DIR_erl_interface='/usr/lib/erlang/lib/erl_interface-3.6.2'
ERLANG_LIB_DIR_eunit=''
ERLANG_LIB_VER_erl_interface='3.6.2'
ERLANG_LIB_VER_eunit=''
ERLANG_RELEASE='R13B01'
ERLANG_ROOT_DIR='/usr/lib/erlang'
ERLC='/usr/bin/erlc'
ERLCFLAGS=''
ERL_DRIVER_LDFLAGS=''
ESCRIPT='/usr/bin/escript'
EXEEXT=''
EXMPP_BUILD_ARCH=''
EXMPP_DISTSUFFIX='-r903'
EXMPP_HOST_ARCH=''
EXMPP_RELEASE_DATE=''
EXMPP_SVNREV='903'
EXPAT_CPPFLAGS=''
EXPAT_LDFLAGS=''
EXPAT_LIBS='-lexpat'
GREP='/bin/grep'
INSTALL_DATA='${INSTALL} -m 644'
INSTALL_PROGRAM='${INSTALL}'
INSTALL_SCRIPT='${INSTALL}'
INSTALL_STRIP_PROGRAM='${SHELL} $(install_sh) -c -s'
LDFLAGS=''
LIBOBJS=''
LIBS=''
LIBTOOL='$(SHELL) $(top_builddir)/libtool'
LIBXML2_CFLAGS='-I/usr/include/libxml2  '
LIBXML2_LIBS='-lxml2  '
LN_S='ln -s'
LTLIBOBJS=''
MAKEINFO='${SHELL} /home/arjan/devel/zotonic/deps/exmpp/ac-aux/missing --run makeinfo'
OBJEXT='o'
OPENSSL_CPPFLAGS=''
OPENSSL_LDFLAGS=''
OPENSSL_LIBS='-lssl -lcrypto'
PACKAGE='exmpp'
PACKAGE_BUGREPORT='js.pedron@meetic-corp.com'
PACKAGE_NAME='exmpp'
PACKAGE_STRING='exmpp 0.9.2'
PACKAGE_TARNAME='exmpp'
PACKAGE_VERSION='0.9.2'
PATH_SEPARATOR=':'
PKG_CONFIG='/usr/bin/pkg-config'
RANLIB='ranlib'
SED='/bin/sed'
SET_MAKE=''
SHELL='/bin/bash'
STRIP='strip'
VERSION='0.9.2'
WITH_EXPAT_FALSE='#'
WITH_EXPAT_TRUE=''
WITH_LIBXML2_FALSE='#'
WITH_LIBXML2_TRUE=''
WITH_OPENSSL_FALSE='#'
WITH_OPENSSL_TRUE=''
WITH_ZLIB_FALSE='#'
WITH_ZLIB_TRUE=''
ZLIB_CPPFLAGS=''
ZLIB_LDFLAGS=''
ZLIB_LIBS='-lz'
ac_ct_CC='gcc'
am__fastdepCC_FALSE='#'
am__fastdepCC_TRUE=''
am__include='include'
am__leading_dot='.'
am__quote=''
am__tar='${AMTAR} chof - "$$tardir"'
am__untar='${AMTAR} xf -'
bindir='${exec_prefix}/bin'
build='i686-pc-linux-gnu'
build_alias=''
build_cpu='i686'
build_os='linux-gnu'
build_vendor='pc'
datadir='${datarootdir}'
datarootdir='${prefix}/share'
docdir='${datarootdir}/doc/${PACKAGE_TARNAME}'
dvidir='${docdir}'
exec_prefix='${prefix}'
exp_ERLANG_INSTALL_LIB_DIR_exmpp='/usr/lib/erlang/lib/exmpp-0.9.2'
host='i686-pc-linux-gnu'
host_alias=''
host_cpu='i686'
host_os='linux-gnu'
host_vendor='pc'
htmldir='${docdir}'
includedir='${prefix}/include'
infodir='${datarootdir}/info'
install_sh='/home/arjan/devel/zotonic/deps/exmpp/ac-aux/install-sh'
libdir='${exec_prefix}/lib'
libexecdir='${exec_prefix}/libexec'
localedir='${datarootdir}/locale'
localstatedir='${prefix}/var'
mandir='${datarootdir}/man'
mkdir_p='mkdir -p --'
oldincludedir='/usr/include'
pdfdir='${docdir}'
prefix='/usr/local'
program_transform_name='s,x,x,'
psdir='${docdir}'
sbindir='${exec_prefix}/sbin'
sharedstatedir='${prefix}/com'
sysconfdir='${prefix}/etc'
target='i686-pc-linux-gnu'
target_alias=''
target_cpu='i686'
target_os='linux-gnu'
target_vendor='pc'

## ----------- ##
## confdefs.h. ##
## ----------- ##

#define PACKAGE_NAME "exmpp"
#define PACKAGE_TARNAME "exmpp"
#define PACKAGE_VERSION "0.9.2"
#define PACKAGE_STRING "exmpp 0.9.2"
#define PACKAGE_BUGREPORT "js.pedron@meetic-corp.com"
#define PACKAGE "exmpp"
#define VERSION "0.9.2"
#define STDC_HEADERS 1
#define HAVE_SYS_TYPES_H 1
#define HAVE_SYS_STAT_H 1
#define HAVE_STDLIB_H 1
#define HAVE_STRING_H 1
#define HAVE_MEMORY_H 1
#define HAVE_STRINGS_H 1
#define HAVE_INTTYPES_H 1
#define HAVE_STDINT_H 1
#define HAVE_UNISTD_H 1
#define HAVE_DLFCN_H 1
#define SMP_SUPPORT
#define USE_RWLOCK
#define _REENTRANT
#define HAVE_EXPAT_H 1
#define HAVE_LIBEXPAT 1
#define HAVE_OPENSSL_SSL_H 1
#define HAVE_LIBSSL 1
#define HAVE_ZLIB_H 1
#define HAVE_LIBZ 1

configure: exit 0

## ---------------------- ##
## Running config.status. ##
## ---------------------- ##

This file was extended by exmpp config.status 0.9.2, which was
generated by GNU Autoconf 2.61.  Invocation command line was

  CONFIG_FILES    = 
  CONFIG_HEADERS  = 
  CONFIG_LINKS    = 
  CONFIG_COMMANDS = 
  $ ./config.status ebin/exmpp.app

on pluto

config.status:723: creating ebin/exmpp.app

## ---------------------- ##
## Running config.status. ##
## ---------------------- ##

This file was extended by exmpp config.status 0.9.2, which was
generated by GNU Autoconf 2.61.  Invocation command line was

  CONFIG_FILES    = 
  CONFIG_HEADERS  = 
  CONFIG_LINKS    = 
  CONFIG_COMMANDS = 
  $ ./config.status ebin/exmpp.appup

on pluto

config.status:723: creating ebin/exmpp.appup

## ---------------------- ##
## Running config.status. ##
## ---------------------- ##

This file was extended by exmpp config.status 0.9.2, which was
generated by GNU Autoconf 2.61.  Invocation command line was

  CONFIG_FILES    = 
  CONFIG_HEADERS  = 
  CONFIG_LINKS    = 
  CONFIG_COMMANDS = 
  $ ./config.status ebin/exmpp.app

on pluto

config.status:723: creating ebin/exmpp.app

## ---------------------- ##
## Running config.status. ##
## ---------------------- ##

This file was extended by exmpp config.status 0.9.2, which was
generated by GNU Autoconf 2.61.  Invocation command line was

  CONFIG_FILES    = 
  CONFIG_HEADERS  = 
  CONFIG_LINKS    = 
  CONFIG_COMMANDS = 
  $ ./config.status ebin/exmpp.appup

on pluto

config.status:723: creating ebin/exmpp.appup

## ---------------------- ##
## Running config.status. ##
## ---------------------- ##

This file was extended by exmpp config.status 0.9.2, which was
generated by GNU Autoconf 2.61.  Invocation command line was

  CONFIG_FILES    = 
  CONFIG_HEADERS  = 
  CONFIG_LINKS    = 
  CONFIG_COMMANDS = 
  $ ./config.status ebin/exmpp.app

on pluto

config.status:723: creating ebin/exmpp.app

## ---------------------- ##
## Running config.status. ##
## ---------------------- ##

This file was extended by exmpp config.status 0.9.2, which was
generated by GNU Autoconf 2.61.  Invocation command line was

  CONFIG_FILES    = 
  CONFIG_HEADERS  = 
  CONFIG_LINKS    = 
  CONFIG_COMMANDS = 
  $ ./config.status ebin/exmpp.appup

on pluto

config.status:723: creating ebin/exmpp.appup

## ---------------------- ##
## Running config.status. ##
## ---------------------- ##

This file was extended by exmpp config.status 0.9.2, which was
generated by GNU Autoconf 2.61.  Invocation command line was

  CONFIG_FILES    = 
  CONFIG_HEADERS  = 
  CONFIG_LINKS    = 
  CONFIG_COMMANDS = 
  $ ./config.status 

on pluto

config.status:723: creating c_src/Makefile
config.status:723: creating include/Makefile
config.status:723: creating include/internal/Makefile
config.status:723: creating src/Makefile
config.status:723: creating src/Emakefile
config.status:723: creating ebin/Makefile
config.status:723: creating ebin/exmpp.app
config.status:723: creating ebin/exmpp.appup
config.status:723: creating doc/Makefile
config.status:723: creating testsuite/Makefile
config.status:723: creating examples/Makefile
config.status:723: creating examples/Emakefile
config.status:723: creating Makefile
config.status:723: creating testsuite/etest
config.status:723: creating config.h
config.status:953: config.h is unchanged
config.status:999: executing depfiles commands
